{"/Users/mac/References/click-dealer/src/entities/car.entity.ts": {"path":"/Users/mac/References/click-dealer/src/entities/car.entity.ts","statementMap":{"0":{"start":{"line":19,"column":4},"end":{"line":19,"column":30}},"1":{"start":{"line":23,"column":9},"end":{"line":23,"column":18}}},"fnMap":{"0":{"name":"(anonymous_0)","decl":{"start":{"line":18,"column":2},"end":{"line":18,"column":14}},"loc":{"start":{"line":18,"column":23},"end":{"line":20,"column":3}}}},"branchMap":{},"s":{"0":0,"1":1},"f":{"0":0},"b":{}}
,"/Users/mac/References/click-dealer/src/factories/cars.factory.ts": {"path":"/Users/mac/References/click-dealer/src/factories/cars.factory.ts","statementMap":{"0":{"start":{"line":1,"column":0},"end":{"line":1,"column":51}},"1":{"start":{"line":6,"column":22},"end":{"line":6,"column":46}},"2":{"start":{"line":7,"column":25},"end":{"line":13,"column":6}},"3":{"start":{"line":14,"column":4},"end":{"line":14,"column":34}},"4":{"start":{"line":18,"column":9},"end":{"line":18,"column":20}}},"fnMap":{"0":{"name":"(anonymous_0)","decl":{"start":{"line":5,"column":2},"end":{"line":5,"column":8}},"loc":{"start":{"line":5,"column":37},"end":{"line":15,"column":3}}}},"branchMap":{},"s":{"0":1,"1":0,"2":0,"3":0,"4":1},"f":{"0":0},"b":{}}
,"/Users/mac/References/click-dealer/src/handlers/cars.handler.ts": {"path":"/Users/mac/References/click-dealer/src/handlers/cars.handler.ts","statementMap":{"0":{"start":{"line":2,"column":0},"end":{"line":2,"column":73}},"1":{"start":{"line":3,"column":0},"end":{"line":3,"column":null}},"2":{"start":{"line":9,"column":0},"end":{"line":9,"column":66}},"3":{"start":{"line":10,"column":0},"end":{"line":10,"column":56}},"4":{"start":{"line":11,"column":0},"end":{"line":11,"column":53}},"5":{"start":{"line":14,"column":20},"end":{"line":20,"column":1}},"6":{"start":{"line":15,"column":47},"end":{"line":15,"column":74}},"7":{"start":{"line":16,"column":2},"end":{"line":16,"column":38}},"8":{"start":{"line":18,"column":17},"end":{"line":18,"column":56}},"9":{"start":{"line":19,"column":2},"end":{"line":19,"column":36}},"10":{"start":{"line":14,"column":13},"end":{"line":14,"column":20}},"11":{"start":{"line":22,"column":13},"end":{"line":22,"column":48}},"12":{"start":{"line":25,"column":15},"end":{"line":40,"column":1}},"13":{"start":{"line":26,"column":32},"end":{"line":28,"column":10}},"14":{"start":{"line":29,"column":2},"end":{"line":31,"column":null}},"15":{"start":{"line":30,"column":4},"end":{"line":30,"column":97}},"16":{"start":{"line":33,"column":14},"end":{"line":33,"column":78}},"17":{"start":{"line":34,"column":2},"end":{"line":37,"column":null}},"18":{"start":{"line":35,"column":4},"end":{"line":35,"column":57}},"19":{"start":{"line":39,"column":2},"end":{"line":39,"column":33}},"20":{"start":{"line":41,"column":13},"end":{"line":41,"column":52}},"21":{"start":{"line":44,"column":25},"end":{"line":57,"column":1}},"22":{"start":{"line":45,"column":18},"end":{"line":45,"column":57}},"23":{"start":{"line":46,"column":2},"end":{"line":46,"column":34}},"24":{"start":{"line":47,"column":20},"end":{"line":47,"column":49}},"25":{"start":{"line":48,"column":20},"end":{"line":48,"column":67}},"26":{"start":{"line":49,"column":2},"end":{"line":51,"column":null}},"27":{"start":{"line":50,"column":4},"end":{"line":50,"column":76}},"28":{"start":{"line":53,"column":2},"end":{"line":53,"column":36}},"29":{"start":{"line":54,"column":2},"end":{"line":56,"column":5}},"30":{"start":{"line":44,"column":13},"end":{"line":44,"column":25}},"31":{"start":{"line":58,"column":13},"end":{"line":58,"column":58}},"32":{"start":{"line":61,"column":25},"end":{"line":83,"column":1}},"33":{"start":{"line":62,"column":18},"end":{"line":62,"column":57}},"34":{"start":{"line":63,"column":32},"end":{"line":65,"column":10}},"35":{"start":{"line":67,"column":2},"end":{"line":69,"column":null}},"36":{"start":{"line":68,"column":4},"end":{"line":68,"column":97}},"37":{"start":{"line":70,"column":2},"end":{"line":70,"column":37}},"38":{"start":{"line":72,"column":20},"end":{"line":72,"column":64}},"39":{"start":{"line":73,"column":2},"end":{"line":75,"column":null}},"40":{"start":{"line":74,"column":4},"end":{"line":74,"column":72}},"41":{"start":{"line":77,"column":21},"end":{"line":77,"column":77}},"42":{"start":{"line":78,"column":2},"end":{"line":80,"column":null}},"43":{"start":{"line":79,"column":4},"end":{"line":79,"column":64}},"44":{"start":{"line":82,"column":2},"end":{"line":82,"column":40}},"45":{"start":{"line":61,"column":13},"end":{"line":61,"column":25}},"46":{"start":{"line":84,"column":13},"end":{"line":84,"column":58}},"47":{"start":{"line":87,"column":25},"end":{"line":101,"column":1}},"48":{"start":{"line":88,"column":32},"end":{"line":90,"column":10}},"49":{"start":{"line":91,"column":2},"end":{"line":93,"column":null}},"50":{"start":{"line":92,"column":4},"end":{"line":92,"column":97}},"51":{"start":{"line":95,"column":14},"end":{"line":95,"column":78}},"52":{"start":{"line":96,"column":2},"end":{"line":98,"column":null}},"53":{"start":{"line":97,"column":4},"end":{"line":97,"column":72}},"54":{"start":{"line":99,"column":2},"end":{"line":99,"column":70}},"55":{"start":{"line":100,"column":2},"end":{"line":100,"column":56}},"56":{"start":{"line":87,"column":13},"end":{"line":87,"column":25}},"57":{"start":{"line":102,"column":13},"end":{"line":102,"column":58}}},"fnMap":{"0":{"name":"(anonymous_0)","decl":{"start":{"line":14,"column":20},"end":{"line":14,"column":25}},"loc":{"start":{"line":14,"column":85},"end":{"line":20,"column":1}}},"1":{"name":"(anonymous_1)","decl":{"start":{"line":25,"column":15},"end":{"line":25,"column":20}},"loc":{"start":{"line":25,"column":80},"end":{"line":40,"column":1}}},"2":{"name":"(anonymous_2)","decl":{"start":{"line":44,"column":25},"end":{"line":44,"column":30}},"loc":{"start":{"line":44,"column":90},"end":{"line":57,"column":1}}},"3":{"name":"(anonymous_3)","decl":{"start":{"line":61,"column":25},"end":{"line":61,"column":30}},"loc":{"start":{"line":61,"column":90},"end":{"line":83,"column":1}}},"4":{"name":"(anonymous_4)","decl":{"start":{"line":87,"column":25},"end":{"line":87,"column":30}},"loc":{"start":{"line":87,"column":90},"end":{"line":101,"column":1}}}},"branchMap":{"0":{"loc":{"start":{"line":26,"column":32},"end":{"line":28,"column":10}},"type":"cond-expr","locations":[{"start":{"line":27,"column":6},"end":{"line":27,"column":43}},{"start":{"line":28,"column":6},"end":{"line":28,"column":10}}]},"1":{"loc":{"start":{"line":29,"column":2},"end":{"line":31,"column":null}},"type":"if","locations":[{"start":{"line":29,"column":2},"end":{"line":31,"column":null}}]},"2":{"loc":{"start":{"line":34,"column":2},"end":{"line":37,"column":null}},"type":"if","locations":[{"start":{"line":34,"column":2},"end":{"line":37,"column":null}}]},"3":{"loc":{"start":{"line":45,"column":18},"end":{"line":45,"column":57}},"type":"cond-expr","locations":[{"start":{"line":45,"column":31},"end":{"line":45,"column":52}},{"start":{"line":45,"column":55},"end":{"line":45,"column":57}}]},"4":{"loc":{"start":{"line":49,"column":2},"end":{"line":51,"column":null}},"type":"if","locations":[{"start":{"line":49,"column":2},"end":{"line":51,"column":null}}]},"5":{"loc":{"start":{"line":62,"column":18},"end":{"line":62,"column":57}},"type":"cond-expr","locations":[{"start":{"line":62,"column":31},"end":{"line":62,"column":52}},{"start":{"line":62,"column":55},"end":{"line":62,"column":57}}]},"6":{"loc":{"start":{"line":63,"column":32},"end":{"line":65,"column":10}},"type":"cond-expr","locations":[{"start":{"line":64,"column":6},"end":{"line":64,"column":43}},{"start":{"line":65,"column":6},"end":{"line":65,"column":10}}]},"7":{"loc":{"start":{"line":67,"column":2},"end":{"line":69,"column":null}},"type":"if","locations":[{"start":{"line":67,"column":2},"end":{"line":69,"column":null}}]},"8":{"loc":{"start":{"line":73,"column":2},"end":{"line":75,"column":null}},"type":"if","locations":[{"start":{"line":73,"column":2},"end":{"line":75,"column":null}}]},"9":{"loc":{"start":{"line":78,"column":2},"end":{"line":80,"column":null}},"type":"if","locations":[{"start":{"line":78,"column":2},"end":{"line":80,"column":null}}]},"10":{"loc":{"start":{"line":88,"column":32},"end":{"line":90,"column":10}},"type":"cond-expr","locations":[{"start":{"line":89,"column":6},"end":{"line":89,"column":43}},{"start":{"line":90,"column":6},"end":{"line":90,"column":10}}]},"11":{"loc":{"start":{"line":91,"column":2},"end":{"line":93,"column":null}},"type":"if","locations":[{"start":{"line":91,"column":2},"end":{"line":93,"column":null}}]},"12":{"loc":{"start":{"line":96,"column":2},"end":{"line":98,"column":null}},"type":"if","locations":[{"start":{"line":96,"column":2},"end":{"line":98,"column":null}}]}},"s":{"0":1,"1":1,"2":1,"3":1,"4":1,"5":1,"6":0,"7":0,"8":0,"9":0,"10":1,"11":1,"12":1,"13":0,"14":0,"15":0,"16":0,"17":0,"18":0,"19":0,"20":1,"21":1,"22":1,"23":1,"24":0,"25":0,"26":0,"27":0,"28":0,"29":0,"30":1,"31":1,"32":1,"33":0,"34":0,"35":0,"36":0,"37":0,"38":0,"39":0,"40":0,"41":0,"42":0,"43":0,"44":0,"45":1,"46":1,"47":1,"48":0,"49":0,"50":0,"51":0,"52":0,"53":0,"54":0,"55":0,"56":1,"57":1},"f":{"0":0,"1":0,"2":1,"3":0,"4":0},"b":{"0":[0,0],"1":[0],"2":[0],"3":[1,0],"4":[0],"5":[0,0],"6":[0,0],"7":[0],"8":[0],"9":[0],"10":[0,0],"11":[0],"12":[0]}}
,"/Users/mac/References/click-dealer/src/middlewares/error.middleware.ts": {"path":"/Users/mac/References/click-dealer/src/middlewares/error.middleware.ts","statementMap":{"0":{"start":{"line":2,"column":0},"end":{"line":2,"column":31}},"1":{"start":{"line":14,"column":4},"end":{"line":14,"column":19}},"2":{"start":{"line":15,"column":4},"end":{"line":15,"column":33}},"3":{"start":{"line":16,"column":4},"end":{"line":16,"column":27}},"4":{"start":{"line":58,"column":23},"end":{"line":58,"column":31}},"5":{"start":{"line":21,"column":2},"end":{"line":56,"column":3}},"6":{"start":{"line":22,"column":2},"end":{"line":56,"column":3}},"7":{"start":{"line":25,"column":2},"end":{"line":56,"column":3}},"8":{"start":{"line":26,"column":4},"end":{"line":55,"column":null}},"9":{"start":{"line":27,"column":6},"end":{"line":27,"column":34}},"10":{"start":{"line":29,"column":23},"end":{"line":29,"column":26}},"11":{"start":{"line":30,"column":25},"end":{"line":30,"column":48}},"12":{"start":{"line":31,"column":25},"end":{"line":31,"column":30}},"13":{"start":{"line":33,"column":6},"end":{"line":36,"column":null}},"14":{"start":{"line":34,"column":8},"end":{"line":34,"column":38}},"15":{"start":{"line":35,"column":8},"end":{"line":35,"column":53}},"16":{"start":{"line":38,"column":6},"end":{"line":43,"column":null}},"17":{"start":{"line":39,"column":8},"end":{"line":42,"column":10}},"18":{"start":{"line":45,"column":6},"end":{"line":49,"column":null}},"19":{"start":{"line":46,"column":8},"end":{"line":46,"column":27}},"20":{"start":{"line":48,"column":8},"end":{"line":48,"column":32}},"21":{"start":{"line":51,"column":6},"end":{"line":54,"column":8}},"22":{"start":{"line":58,"column":9},"end":{"line":58,"column":21}}},"fnMap":{"0":{"name":"(anonymous_0)","decl":{"start":{"line":13,"column":2},"end":{"line":13,"column":14}},"loc":{"start":{"line":13,"column":49},"end":{"line":17,"column":3}}},"1":{"name":"(anonymous_1)","decl":{"start":{"line":21,"column":2},"end":{"line":21,"column":3}},"loc":{"start":{"line":22,"column":2},"end":{"line":56,"column":3}}},"2":{"name":"(anonymous_2)","decl":{"start":{"line":22,"column":2},"end":{"line":22,"column":null}},"loc":{"start":{"line":25,"column":2},"end":{"line":56,"column":3}}},"3":{"name":"(anonymous_3)","decl":{"start":{"line":25,"column":2},"end":{"line":25,"column":7}},"loc":{"start":{"line":25,"column":72},"end":{"line":56,"column":3}}}},"branchMap":{"0":{"loc":{"start":{"line":33,"column":6},"end":{"line":36,"column":null}},"type":"if","locations":[{"start":{"line":33,"column":6},"end":{"line":36,"column":null}}]},"1":{"loc":{"start":{"line":35,"column":23},"end":{"line":35,"column":52}},"type":"binary-expr","locations":[{"start":{"line":35,"column":23},"end":{"line":35,"column":36}},{"start":{"line":35,"column":40},"end":{"line":35,"column":52}}]},"2":{"loc":{"start":{"line":38,"column":6},"end":{"line":43,"column":null}},"type":"if","locations":[{"start":{"line":38,"column":6},"end":{"line":43,"column":null}}]},"3":{"loc":{"start":{"line":45,"column":6},"end":{"line":49,"column":null}},"type":"if","locations":[{"start":{"line":45,"column":6},"end":{"line":49,"column":null}},{"start":{"line":47,"column":13},"end":{"line":49,"column":null}}]}},"s":{"0":1,"1":0,"2":0,"3":0,"4":1,"5":1,"6":5,"7":5,"8":1,"9":1,"10":1,"11":1,"12":1,"13":1,"14":0,"15":0,"16":1,"17":1,"18":0,"19":0,"20":0,"21":0,"22":1},"f":{"0":0,"1":5,"2":5,"3":1},"b":{"0":[0],"1":[0,0],"2":[1],"3":[0,0]}}
,"/Users/mac/References/click-dealer/src/repositories/cars.repo.ts": {"path":"/Users/mac/References/click-dealer/src/repositories/cars.repo.ts","statementMap":{"0":{"start":{"line":1,"column":0},"end":{"line":1,"column":31}},"1":{"start":{"line":2,"column":0},"end":{"line":2,"column":null}},"2":{"start":{"line":11,"column":10},"end":{"line":11,"column":94}},"3":{"start":{"line":14,"column":21},"end":{"line":14,"column":79}},"4":{"start":{"line":15,"column":4},"end":{"line":15,"column":35}},"5":{"start":{"line":19,"column":22},"end":{"line":32,"column":null}},"6":{"start":{"line":34,"column":4},"end":{"line":34,"column":34}},"7":{"start":{"line":38,"column":24},"end":{"line":38,"column":82}},"8":{"start":{"line":39,"column":4},"end":{"line":41,"column":null}},"9":{"start":{"line":40,"column":6},"end":{"line":40,"column":18}},"10":{"start":{"line":42,"column":4},"end":{"line":42,"column":54}},"11":{"start":{"line":46,"column":4},"end":{"line":46,"column":64}},"12":{"start":{"line":50,"column":4},"end":{"line":50,"column":49}},"13":{"start":{"line":51,"column":22},"end":{"line":51,"column":39}},"14":{"start":{"line":52,"column":4},"end":{"line":54,"column":null}},"15":{"start":{"line":53,"column":6},"end":{"line":53,"column":18}},"16":{"start":{"line":56,"column":24},"end":{"line":60,"column":null}},"17":{"start":{"line":63,"column":4},"end":{"line":65,"column":null}},"18":{"start":{"line":64,"column":6},"end":{"line":64,"column":18}},"19":{"start":{"line":67,"column":4},"end":{"line":67,"column":54}},"20":{"start":{"line":71,"column":26},"end":{"line":71,"column":59}},"21":{"start":{"line":72,"column":19},"end":{"line":72,"column":52}},"22":{"start":{"line":74,"column":39},"end":{"line":74,"column":41}},"23":{"start":{"line":75,"column":4},"end":{"line":83,"column":null}},"24":{"start":{"line":76,"column":6},"end":{"line":78,"column":9}},"25":{"start":{"line":77,"column":8},"end":{"line":77,"column":70}},"26":{"start":{"line":80,"column":6},"end":{"line":82,"column":null}},"27":{"start":{"line":81,"column":8},"end":{"line":81,"column":98}},"28":{"start":{"line":85,"column":4},"end":{"line":85,"column":24}},"29":{"start":{"line":89,"column":70},"end":{"line":91,"column":6}},"30":{"start":{"line":93,"column":45},"end":{"line":99,"column":6}},"31":{"start":{"line":101,"column":4},"end":{"line":105,"column":null}},"32":{"start":{"line":102,"column":6},"end":{"line":102,"column":95}},"33":{"start":{"line":103,"column":6},"end":{"line":103,"column":75}},"34":{"start":{"line":104,"column":6},"end":{"line":104,"column":42}},"35":{"start":{"line":107,"column":4},"end":{"line":115,"column":null}},"36":{"start":{"line":108,"column":6},"end":{"line":108,"column":98}},"37":{"start":{"line":109,"column":6},"end":{"line":109,"column":96}},"38":{"start":{"line":110,"column":6},"end":{"line":110,"column":42}},"39":{"start":{"line":111,"column":11},"end":{"line":115,"column":null}},"40":{"start":{"line":112,"column":6},"end":{"line":112,"column":93}},"41":{"start":{"line":113,"column":6},"end":{"line":113,"column":71}},"42":{"start":{"line":114,"column":6},"end":{"line":114,"column":42}},"43":{"start":{"line":117,"column":4},"end":{"line":131,"column":null}},"44":{"start":{"line":118,"column":6},"end":{"line":119,"column":78}},"45":{"start":{"line":120,"column":6},"end":{"line":120,"column":93}},"46":{"start":{"line":121,"column":6},"end":{"line":121,"column":95}},"47":{"start":{"line":122,"column":6},"end":{"line":122,"column":42}},"48":{"start":{"line":123,"column":11},"end":{"line":131,"column":null}},"49":{"start":{"line":124,"column":6},"end":{"line":124,"column":91}},"50":{"start":{"line":125,"column":6},"end":{"line":125,"column":93}},"51":{"start":{"line":126,"column":6},"end":{"line":126,"column":42}},"52":{"start":{"line":127,"column":11},"end":{"line":131,"column":null}},"53":{"start":{"line":128,"column":6},"end":{"line":128,"column":92}},"54":{"start":{"line":129,"column":6},"end":{"line":129,"column":95}},"55":{"start":{"line":130,"column":6},"end":{"line":130,"column":42}},"56":{"start":{"line":133,"column":4},"end":{"line":133,"column":25}},"57":{"start":{"line":137,"column":13},"end":{"line":137,"column":39}}},"fnMap":{"0":{"name":"(anonymous_1)","decl":{"start":{"line":10,"column":0},"end":{"line":10,"column":6}},"loc":{"start":{"line":10,"column":0},"end":{"line":135,"column":1}}},"1":{"name":"(anonymous_2)","decl":{"start":{"line":13,"column":2},"end":{"line":13,"column":7}},"loc":{"start":{"line":13,"column":41},"end":{"line":16,"column":3}}},"2":{"name":"(anonymous_3)","decl":{"start":{"line":18,"column":2},"end":{"line":18,"column":7}},"loc":{"start":{"line":18,"column":30},"end":{"line":35,"column":3}}},"3":{"name":"(anonymous_4)","decl":{"start":{"line":37,"column":2},"end":{"line":37,"column":7}},"loc":{"start":{"line":37,"column":61},"end":{"line":43,"column":3}}},"4":{"name":"(anonymous_5)","decl":{"start":{"line":45,"column":2},"end":{"line":45,"column":7}},"loc":{"start":{"line":45,"column":64},"end":{"line":47,"column":3}}},"5":{"name":"(anonymous_6)","decl":{"start":{"line":49,"column":2},"end":{"line":49,"column":7}},"loc":{"start":{"line":49,"column":65},"end":{"line":68,"column":3}}},"6":{"name":"(anonymous_7)","decl":{"start":{"line":70,"column":2},"end":{"line":70,"column":7}},"loc":{"start":{"line":70,"column":53},"end":{"line":86,"column":3}}},"7":{"name":"(anonymous_8)","decl":{"start":{"line":76,"column":46},"end":{"line":76,"column":47}},"loc":{"start":{"line":76,"column":60},"end":{"line":78,"column":7}}},"8":{"name":"(anonymous_9)","decl":{"start":{"line":88,"column":2},"end":{"line":88,"column":18}},"loc":{"start":{"line":88,"column":53},"end":{"line":134,"column":3}}}},"branchMap":{"0":{"loc":{"start":{"line":15,"column":11},"end":{"line":15,"column":34}},"type":"cond-expr","locations":[{"start":{"line":15,"column":22},"end":{"line":15,"column":26}},{"start":{"line":15,"column":29},"end":{"line":15,"column":34}}]},"1":{"loc":{"start":{"line":39,"column":4},"end":{"line":41,"column":null}},"type":"if","locations":[{"start":{"line":39,"column":4},"end":{"line":41,"column":null}}]},"2":{"loc":{"start":{"line":52,"column":4},"end":{"line":54,"column":null}},"type":"if","locations":[{"start":{"line":52,"column":4},"end":{"line":54,"column":null}}]},"3":{"loc":{"start":{"line":63,"column":4},"end":{"line":65,"column":null}},"type":"if","locations":[{"start":{"line":63,"column":4},"end":{"line":65,"column":null}}]},"4":{"loc":{"start":{"line":75,"column":4},"end":{"line":83,"column":null}},"type":"if","locations":[{"start":{"line":75,"column":4},"end":{"line":83,"column":null}}]},"5":{"loc":{"start":{"line":80,"column":6},"end":{"line":82,"column":null}},"type":"if","locations":[{"start":{"line":80,"column":6},"end":{"line":82,"column":null}}]},"6":{"loc":{"start":{"line":97,"column":24},"end":{"line":97,"column":67}},"type":"cond-expr","locations":[{"start":{"line":97,"column":55},"end":{"line":97,"column":59}},{"start":{"line":97,"column":62},"end":{"line":97,"column":67}}]},"7":{"loc":{"start":{"line":98,"column":13},"end":{"line":98,"column":36}},"type":"binary-expr","locations":[{"start":{"line":98,"column":13},"end":{"line":98,"column":30}},{"start":{"line":98,"column":34},"end":{"line":98,"column":36}}]},"8":{"loc":{"start":{"line":101,"column":4},"end":{"line":105,"column":null}},"type":"if","locations":[{"start":{"line":101,"column":4},"end":{"line":105,"column":null}}]},"9":{"loc":{"start":{"line":107,"column":4},"end":{"line":115,"column":null}},"type":"if","locations":[{"start":{"line":107,"column":4},"end":{"line":115,"column":null}},{"start":{"line":111,"column":11},"end":{"line":115,"column":null}}]},"10":{"loc":{"start":{"line":107,"column":8},"end":{"line":107,"column":45}},"type":"binary-expr","locations":[{"start":{"line":107,"column":8},"end":{"line":107,"column":24}},{"start":{"line":107,"column":28},"end":{"line":107,"column":45}}]},"11":{"loc":{"start":{"line":111,"column":11},"end":{"line":115,"column":null}},"type":"if","locations":[{"start":{"line":111,"column":11},"end":{"line":115,"column":null}}]},"12":{"loc":{"start":{"line":117,"column":4},"end":{"line":131,"column":null}},"type":"if","locations":[{"start":{"line":117,"column":4},"end":{"line":131,"column":null}},{"start":{"line":123,"column":11},"end":{"line":131,"column":null}}]},"13":{"loc":{"start":{"line":117,"column":8},"end":{"line":117,"column":67}},"type":"binary-expr","locations":[{"start":{"line":117,"column":8},"end":{"line":117,"column":35}},{"start":{"line":117,"column":39},"end":{"line":117,"column":67}}]},"14":{"loc":{"start":{"line":123,"column":11},"end":{"line":131,"column":null}},"type":"if","locations":[{"start":{"line":123,"column":11},"end":{"line":131,"column":null}},{"start":{"line":127,"column":11},"end":{"line":131,"column":null}}]},"15":{"loc":{"start":{"line":127,"column":11},"end":{"line":131,"column":null}},"type":"if","locations":[{"start":{"line":127,"column":11},"end":{"line":131,"column":null}}]}},"s":{"0":1,"1":1,"2":1,"3":0,"4":0,"5":0,"6":0,"7":0,"8":0,"9":0,"10":0,"11":0,"12":0,"13":0,"14":0,"15":0,"16":0,"17":0,"18":0,"19":0,"20":0,"21":0,"22":0,"23":0,"24":0,"25":0,"26":0,"27":0,"28":0,"29":0,"30":0,"31":0,"32":0,"33":0,"34":0,"35":0,"36":0,"37":0,"38":0,"39":0,"40":0,"41":0,"42":0,"43":0,"44":0,"45":0,"46":0,"47":0,"48":0,"49":0,"50":0,"51":0,"52":0,"53":0,"54":0,"55":0,"56":0,"57":1},"f":{"0":1,"1":0,"2":0,"3":0,"4":0,"5":0,"6":0,"7":0,"8":0},"b":{"0":[0,0],"1":[0],"2":[0],"3":[0],"4":[0],"5":[0],"6":[0,0],"7":[0,0],"8":[0],"9":[0,0],"10":[0,0],"11":[0],"12":[0,0],"13":[0,0],"14":[0,0],"15":[0]}}
,"/Users/mac/References/click-dealer/src/repositories/base/dynamodb.base.repo.ts": {"path":"/Users/mac/References/click-dealer/src/repositories/base/dynamodb.base.repo.ts","statementMap":{"0":{"start":{"line":1,"column":0},"end":{"line":1,"column":9}},"1":{"start":{"line":144,"column":9},"end":{"line":1,"column":19}},"2":{"start":{"line":144,"column":19},"end":{"line":1,"column":62}},"3":{"start":{"line":2,"column":0},"end":{"line":2,"column":null}},"4":{"start":{"line":144,"column":50},"end":{"line":14,"column":null}},"5":{"start":{"line":21,"column":39},"end":{"line":23,"column":6}},"6":{"start":{"line":24,"column":4},"end":{"line":32,"column":17}},"7":{"start":{"line":33,"column":4},"end":{"line":33,"column":48}},"8":{"start":{"line":37,"column":19},"end":{"line":40,"column":6}},"9":{"start":{"line":41,"column":4},"end":{"line":41,"column":58}},"10":{"start":{"line":45,"column":19},"end":{"line":49,"column":6}},"11":{"start":{"line":50,"column":4},"end":{"line":50,"column":65}},"12":{"start":{"line":54,"column":19},"end":{"line":54,"column":77}},"13":{"start":{"line":55,"column":4},"end":{"line":55,"column":18}},"14":{"start":{"line":59,"column":19},"end":{"line":65,"column":6}},"15":{"start":{"line":66,"column":21},"end":{"line":66,"column":74}},"16":{"start":{"line":67,"column":4},"end":{"line":67,"column":79}},"17":{"start":{"line":71,"column":38},"end":{"line":84,"column":6}},"18":{"start":{"line":85,"column":21},"end":{"line":85,"column":72}},"19":{"start":{"line":86,"column":4},"end":{"line":86,"column":93}},"20":{"start":{"line":90,"column":19},"end":{"line":96,"column":6}},"21":{"start":{"line":98,"column":4},"end":{"line":98,"column":61}},"22":{"start":{"line":99,"column":4},"end":{"line":99,"column":16}},"23":{"start":{"line":103,"column":19},"end":{"line":129,"column":6}},"24":{"start":{"line":106,"column":27},"end":{"line":106,"column":60}},"25":{"start":{"line":109,"column":36},"end":{"line":112,"column":10}},"26":{"start":{"line":117,"column":38},"end":{"line":120,"column":12}},"27":{"start":{"line":131,"column":53},"end":{"line":132,"column":null}},"28":{"start":{"line":134,"column":4},"end":{"line":134,"column":86}},"29":{"start":{"line":138,"column":4},"end":{"line":138,"column":28}},"30":{"start":{"line":142,"column":13},"end":{"line":142,"column":48}}},"fnMap":{"0":{"name":"(anonymous_0)","decl":{"start":{"line":144,"column":9},"end":{"line":144,"column":17}},"loc":{"start":{"line":144,"column":9},"end":{"line":1,"column":19}}},"1":{"name":"(anonymous_1)","decl":{"start":{"line":144,"column":19},"end":{"line":144,"column":29}},"loc":{"start":{"line":144,"column":19},"end":{"line":1,"column":62}}},"2":{"name":"(anonymous_2)","decl":{"start":{"line":144,"column":50},"end":{"line":144,"column":64}},"loc":{"start":{"line":144,"column":50},"end":{"line":14,"column":null}}},"3":{"name":"(anonymous_3)","decl":{"start":{"line":20,"column":2},"end":{"line":20,"column":null}},"loc":{"start":{"line":20,"column":2},"end":{"line":34,"column":3}}},"4":{"name":"(anonymous_4)","decl":{"start":{"line":36,"column":2},"end":{"line":36,"column":7}},"loc":{"start":{"line":36,"column":26},"end":{"line":42,"column":3}}},"5":{"name":"(anonymous_5)","decl":{"start":{"line":44,"column":2},"end":{"line":44,"column":7}},"loc":{"start":{"line":44,"column":42},"end":{"line":51,"column":3}}},"6":{"name":"(anonymous_6)","decl":{"start":{"line":53,"column":2},"end":{"line":53,"column":7}},"loc":{"start":{"line":53,"column":45},"end":{"line":56,"column":3}}},"7":{"name":"(anonymous_7)","decl":{"start":{"line":58,"column":2},"end":{"line":58,"column":7}},"loc":{"start":{"line":58,"column":61},"end":{"line":68,"column":3}}},"8":{"name":"(anonymous_8)","decl":{"start":{"line":70,"column":2},"end":{"line":70,"column":7}},"loc":{"start":{"line":70,"column":77},"end":{"line":87,"column":3}}},"9":{"name":"(anonymous_9)","decl":{"start":{"line":89,"column":2},"end":{"line":89,"column":7}},"loc":{"start":{"line":89,"column":57},"end":{"line":100,"column":3}}},"10":{"name":"(anonymous_10)","decl":{"start":{"line":102,"column":2},"end":{"line":102,"column":7}},"loc":{"start":{"line":102,"column":92},"end":{"line":135,"column":3}}},"11":{"name":"(anonymous_11)","decl":{"start":{"line":106,"column":13},"end":{"line":106,"column":14}},"loc":{"start":{"line":106,"column":27},"end":{"line":106,"column":60}}},"12":{"name":"(anonymous_12)","decl":{"start":{"line":109,"column":8},"end":{"line":109,"column":9}},"loc":{"start":{"line":109,"column":36},"end":{"line":112,"column":10}}},"13":{"name":"(anonymous_13)","decl":{"start":{"line":117,"column":10},"end":{"line":117,"column":11}},"loc":{"start":{"line":117,"column":38},"end":{"line":120,"column":12}}},"14":{"name":"(anonymous_14)","decl":{"start":{"line":137,"column":2},"end":{"line":137,"column":19}},"loc":{"start":{"line":137,"column":47},"end":{"line":139,"column":3}}}},"branchMap":{"0":{"loc":{"start":{"line":25,"column":6},"end":{"line":32,"column":16}},"type":"cond-expr","locations":[{"start":{"line":26,"column":10},"end":{"line":31,"column":12}},{"start":{"line":32,"column":10},"end":{"line":32,"column":16}}]},"1":{"loc":{"start":{"line":67,"column":11},"end":{"line":67,"column":78}},"type":"cond-expr","locations":[{"start":{"line":67,"column":29},"end":{"line":67,"column":71}},{"start":{"line":67,"column":74},"end":{"line":67,"column":78}}]},"2":{"loc":{"start":{"line":86,"column":11},"end":{"line":86,"column":92}},"type":"cond-expr","locations":[{"start":{"line":86,"column":38},"end":{"line":86,"column":85}},{"start":{"line":86,"column":88},"end":{"line":86,"column":92}}]},"3":{"loc":{"start":{"line":134,"column":11},"end":{"line":134,"column":85}},"type":"cond-expr","locations":[{"start":{"line":134,"column":40},"end":{"line":134,"column":78}},{"start":{"line":134,"column":81},"end":{"line":134,"column":85}}]}},"s":{"0":1,"1":1,"2":1,"3":1,"4":1,"5":1,"6":1,"7":1,"8":0,"9":0,"10":0,"11":0,"12":0,"13":0,"14":0,"15":0,"16":0,"17":0,"18":0,"19":0,"20":0,"21":0,"22":0,"23":0,"24":0,"25":0,"26":0,"27":0,"28":0,"29":0,"30":1},"f":{"0":0,"1":0,"2":0,"3":1,"4":0,"5":0,"6":0,"7":0,"8":0,"9":0,"10":0,"11":0,"12":0,"13":0,"14":0},"b":{"0":[1,0],"1":[0,0],"2":[0,0],"3":[0,0]}}
,"/Users/mac/References/click-dealer/src/tests/data/create-car.data.ts": {"path":"/Users/mac/References/click-dealer/src/tests/data/create-car.data.ts","statementMap":{"0":{"start":{"line":2,"column":0},"end":{"line":2,"column":40}},"1":{"start":{"line":4,"column":13},"end":{"line":84,"column":32}},"2":{"start":{"line":86,"column":13},"end":{"line":195,"column":2}},"3":{"start":{"line":197,"column":13},"end":{"line":279,"column":32}},"4":{"start":{"line":281,"column":13},"end":{"line":363,"column":32}},"5":{"start":{"line":365,"column":13},"end":{"line":452,"column":32}}},"fnMap":{},"branchMap":{},"s":{"0":1,"1":1,"2":1,"3":1,"4":1,"5":1},"f":{},"b":{}}
,"/Users/mac/References/click-dealer/src/tests/utils/setup.ts": {"path":"/Users/mac/References/click-dealer/src/tests/utils/setup.ts","statementMap":{"0":{"start":{"line":1,"column":0},"end":{"line":1,"column":33}},"1":{"start":{"line":2,"column":0},"end":{"line":2,"column":24}},"2":{"start":{"line":4,"column":0},"end":{"line":4,"column":68}}},"fnMap":{},"branchMap":{},"s":{"0":1,"1":1,"2":1},"f":{},"b":{}}
,"/Users/mac/References/click-dealer/src/types/schema.types.ts": {"path":"/Users/mac/References/click-dealer/src/types/schema.types.ts","statementMap":{"0":{"start":{"line":1,"column":0},"end":{"line":1,"column":24}},"1":{"start":{"line":3,"column":25},"end":{"line":18,"column":2}},"2":{"start":{"line":68,"column":9},"end":{"line":68,"column":25}},"3":{"start":{"line":20,"column":28},"end":{"line":33,"column":2}},"4":{"start":{"line":68,"column":27},"end":{"line":68,"column":46}},"5":{"start":{"line":35,"column":24},"end":{"line":47,"column":2}},"6":{"start":{"line":68,"column":48},"end":{"line":68,"column":63}}},"fnMap":{},"branchMap":{},"s":{"0":1,"1":1,"2":1,"3":1,"4":1,"5":1,"6":1},"f":{},"b":{}}
,"/Users/mac/References/click-dealer/src/utils/generic.utils.ts": {"path":"/Users/mac/References/click-dealer/src/utils/generic.utils.ts","statementMap":{"0":{"start":{"line":3,"column":25},"end":{"line":9,"column":1}},"1":{"start":{"line":4,"column":2},"end":{"line":8,"column":null}},"2":{"start":{"line":5,"column":4},"end":{"line":5,"column":28}},"3":{"start":{"line":7,"column":4},"end":{"line":7,"column":14}},"4":{"start":{"line":3,"column":13},"end":{"line":3,"column":25}},"5":{"start":{"line":11,"column":29},"end":{"line":19,"column":1}},"6":{"start":{"line":15,"column":2},"end":{"line":18,"column":4}},"7":{"start":{"line":11,"column":13},"end":{"line":11,"column":29}}},"fnMap":{"0":{"name":"(anonymous_0)","decl":{"start":{"line":3,"column":25},"end":{"line":3,"column":26}},"loc":{"start":{"line":3,"column":47},"end":{"line":9,"column":1}}},"1":{"name":"(anonymous_1)","decl":{"start":{"line":11,"column":29},"end":{"line":11,"column":null}},"loc":{"start":{"line":14,"column":27},"end":{"line":19,"column":1}}}},"branchMap":{},"s":{"0":1,"1":1,"2":1,"3":0,"4":1,"5":1,"6":0,"7":1},"f":{"0":1,"1":0},"b":{}}
}
