{"/Users/mac/References/click-dealer/src/entities/car.entity.ts": {"path":"/Users/mac/References/click-dealer/src/entities/car.entity.ts","statementMap":{"0":{"start":{"line":19,"column":4},"end":{"line":19,"column":30}},"1":{"start":{"line":23,"column":9},"end":{"line":23,"column":18}}},"fnMap":{"0":{"name":"(anonymous_0)","decl":{"start":{"line":18,"column":2},"end":{"line":18,"column":14}},"loc":{"start":{"line":18,"column":23},"end":{"line":20,"column":3}}}},"branchMap":{},"s":{"0":5,"1":5},"f":{"0":5},"b":{}}
,"/Users/mac/References/click-dealer/src/factories/cars.factory.ts": {"path":"/Users/mac/References/click-dealer/src/factories/cars.factory.ts","statementMap":{"0":{"start":{"line":1,"column":0},"end":{"line":1,"column":51}},"1":{"start":{"line":6,"column":22},"end":{"line":6,"column":46}},"2":{"start":{"line":7,"column":25},"end":{"line":13,"column":6}},"3":{"start":{"line":14,"column":4},"end":{"line":14,"column":34}},"4":{"start":{"line":18,"column":9},"end":{"line":18,"column":20}}},"fnMap":{"0":{"name":"(anonymous_0)","decl":{"start":{"line":5,"column":2},"end":{"line":5,"column":8}},"loc":{"start":{"line":5,"column":37},"end":{"line":15,"column":3}}}},"branchMap":{},"s":{"0":5,"1":5,"2":5,"3":5,"4":5},"f":{"0":5},"b":{}}
,"/Users/mac/References/click-dealer/src/handlers/cars.handler.ts": {"path":"/Users/mac/References/click-dealer/src/handlers/cars.handler.ts","statementMap":{"0":{"start":{"line":2,"column":0},"end":{"line":2,"column":73}},"1":{"start":{"line":3,"column":0},"end":{"line":3,"column":null}},"2":{"start":{"line":9,"column":0},"end":{"line":9,"column":66}},"3":{"start":{"line":10,"column":0},"end":{"line":10,"column":56}},"4":{"start":{"line":11,"column":0},"end":{"line":11,"column":53}},"5":{"start":{"line":14,"column":25},"end":{"line":27,"column":1}},"6":{"start":{"line":15,"column":18},"end":{"line":15,"column":57}},"7":{"start":{"line":16,"column":2},"end":{"line":16,"column":34}},"8":{"start":{"line":17,"column":20},"end":{"line":17,"column":49}},"9":{"start":{"line":18,"column":20},"end":{"line":18,"column":67}},"10":{"start":{"line":19,"column":2},"end":{"line":21,"column":null}},"11":{"start":{"line":20,"column":4},"end":{"line":20,"column":61}},"12":{"start":{"line":23,"column":2},"end":{"line":23,"column":36}},"13":{"start":{"line":24,"column":2},"end":{"line":26,"column":5}},"14":{"start":{"line":14,"column":13},"end":{"line":14,"column":25}},"15":{"start":{"line":28,"column":13},"end":{"line":28,"column":58}},"16":{"start":{"line":31,"column":15},"end":{"line":45,"column":1}},"17":{"start":{"line":32,"column":32},"end":{"line":34,"column":10}},"18":{"start":{"line":35,"column":2},"end":{"line":37,"column":null}},"19":{"start":{"line":36,"column":4},"end":{"line":36,"column":97}},"20":{"start":{"line":39,"column":14},"end":{"line":39,"column":78}},"21":{"start":{"line":40,"column":2},"end":{"line":42,"column":null}},"22":{"start":{"line":41,"column":4},"end":{"line":41,"column":57}},"23":{"start":{"line":44,"column":2},"end":{"line":44,"column":33}},"24":{"start":{"line":46,"column":13},"end":{"line":46,"column":52}},"25":{"start":{"line":49,"column":20},"end":{"line":55,"column":1}},"26":{"start":{"line":50,"column":47},"end":{"line":50,"column":74}},"27":{"start":{"line":51,"column":2},"end":{"line":51,"column":38}},"28":{"start":{"line":53,"column":17},"end":{"line":53,"column":56}},"29":{"start":{"line":54,"column":2},"end":{"line":54,"column":36}},"30":{"start":{"line":49,"column":13},"end":{"line":49,"column":20}},"31":{"start":{"line":56,"column":13},"end":{"line":56,"column":48}},"32":{"start":{"line":59,"column":25},"end":{"line":81,"column":1}},"33":{"start":{"line":60,"column":18},"end":{"line":60,"column":57}},"34":{"start":{"line":61,"column":32},"end":{"line":63,"column":10}},"35":{"start":{"line":65,"column":2},"end":{"line":67,"column":null}},"36":{"start":{"line":66,"column":4},"end":{"line":66,"column":82}},"37":{"start":{"line":68,"column":2},"end":{"line":68,"column":37}},"38":{"start":{"line":70,"column":20},"end":{"line":70,"column":64}},"39":{"start":{"line":71,"column":2},"end":{"line":73,"column":null}},"40":{"start":{"line":72,"column":4},"end":{"line":72,"column":57}},"41":{"start":{"line":75,"column":21},"end":{"line":75,"column":77}},"42":{"start":{"line":76,"column":2},"end":{"line":78,"column":null}},"43":{"start":{"line":77,"column":4},"end":{"line":77,"column":49}},"44":{"start":{"line":80,"column":2},"end":{"line":80,"column":40}},"45":{"start":{"line":59,"column":13},"end":{"line":59,"column":25}},"46":{"start":{"line":82,"column":13},"end":{"line":82,"column":58}},"47":{"start":{"line":85,"column":25},"end":{"line":99,"column":1}},"48":{"start":{"line":86,"column":32},"end":{"line":88,"column":10}},"49":{"start":{"line":89,"column":2},"end":{"line":91,"column":null}},"50":{"start":{"line":90,"column":4},"end":{"line":90,"column":82}},"51":{"start":{"line":93,"column":14},"end":{"line":93,"column":78}},"52":{"start":{"line":94,"column":2},"end":{"line":96,"column":null}},"53":{"start":{"line":95,"column":4},"end":{"line":95,"column":57}},"54":{"start":{"line":97,"column":2},"end":{"line":97,"column":70}},"55":{"start":{"line":98,"column":2},"end":{"line":98,"column":56}},"56":{"start":{"line":85,"column":13},"end":{"line":85,"column":25}},"57":{"start":{"line":100,"column":13},"end":{"line":100,"column":58}}},"fnMap":{"0":{"name":"(anonymous_0)","decl":{"start":{"line":14,"column":25},"end":{"line":14,"column":30}},"loc":{"start":{"line":14,"column":90},"end":{"line":27,"column":1}}},"1":{"name":"(anonymous_1)","decl":{"start":{"line":31,"column":15},"end":{"line":31,"column":20}},"loc":{"start":{"line":31,"column":80},"end":{"line":45,"column":1}}},"2":{"name":"(anonymous_2)","decl":{"start":{"line":49,"column":20},"end":{"line":49,"column":25}},"loc":{"start":{"line":49,"column":85},"end":{"line":55,"column":1}}},"3":{"name":"(anonymous_3)","decl":{"start":{"line":59,"column":25},"end":{"line":59,"column":30}},"loc":{"start":{"line":59,"column":90},"end":{"line":81,"column":1}}},"4":{"name":"(anonymous_4)","decl":{"start":{"line":85,"column":25},"end":{"line":85,"column":30}},"loc":{"start":{"line":85,"column":90},"end":{"line":99,"column":1}}}},"branchMap":{"0":{"loc":{"start":{"line":15,"column":18},"end":{"line":15,"column":57}},"type":"cond-expr","locations":[{"start":{"line":15,"column":31},"end":{"line":15,"column":52}},{"start":{"line":15,"column":55},"end":{"line":15,"column":57}}]},"1":{"loc":{"start":{"line":19,"column":2},"end":{"line":21,"column":null}},"type":"if","locations":[{"start":{"line":19,"column":2},"end":{"line":21,"column":null}}]},"2":{"loc":{"start":{"line":32,"column":32},"end":{"line":34,"column":10}},"type":"cond-expr","locations":[{"start":{"line":33,"column":6},"end":{"line":33,"column":43}},{"start":{"line":34,"column":6},"end":{"line":34,"column":10}}]},"3":{"loc":{"start":{"line":35,"column":2},"end":{"line":37,"column":null}},"type":"if","locations":[{"start":{"line":35,"column":2},"end":{"line":37,"column":null}}]},"4":{"loc":{"start":{"line":40,"column":2},"end":{"line":42,"column":null}},"type":"if","locations":[{"start":{"line":40,"column":2},"end":{"line":42,"column":null}}]},"5":{"loc":{"start":{"line":60,"column":18},"end":{"line":60,"column":57}},"type":"cond-expr","locations":[{"start":{"line":60,"column":31},"end":{"line":60,"column":52}},{"start":{"line":60,"column":55},"end":{"line":60,"column":57}}]},"6":{"loc":{"start":{"line":61,"column":32},"end":{"line":63,"column":10}},"type":"cond-expr","locations":[{"start":{"line":62,"column":6},"end":{"line":62,"column":43}},{"start":{"line":63,"column":6},"end":{"line":63,"column":10}}]},"7":{"loc":{"start":{"line":65,"column":2},"end":{"line":67,"column":null}},"type":"if","locations":[{"start":{"line":65,"column":2},"end":{"line":67,"column":null}}]},"8":{"loc":{"start":{"line":71,"column":2},"end":{"line":73,"column":null}},"type":"if","locations":[{"start":{"line":71,"column":2},"end":{"line":73,"column":null}}]},"9":{"loc":{"start":{"line":76,"column":2},"end":{"line":78,"column":null}},"type":"if","locations":[{"start":{"line":76,"column":2},"end":{"line":78,"column":null}}]},"10":{"loc":{"start":{"line":86,"column":32},"end":{"line":88,"column":10}},"type":"cond-expr","locations":[{"start":{"line":87,"column":6},"end":{"line":87,"column":43}},{"start":{"line":88,"column":6},"end":{"line":88,"column":10}}]},"11":{"loc":{"start":{"line":89,"column":2},"end":{"line":91,"column":null}},"type":"if","locations":[{"start":{"line":89,"column":2},"end":{"line":91,"column":null}}]},"12":{"loc":{"start":{"line":94,"column":2},"end":{"line":96,"column":null}},"type":"if","locations":[{"start":{"line":94,"column":2},"end":{"line":96,"column":null}}]}},"s":{"0":5,"1":5,"2":5,"3":5,"4":5,"5":5,"6":6,"7":6,"8":5,"9":5,"10":5,"11":1,"12":4,"13":4,"14":5,"15":5,"16":5,"17":3,"18":3,"19":1,"20":2,"21":2,"22":1,"23":1,"24":5,"25":5,"26":6,"27":6,"28":6,"29":6,"30":5,"31":5,"32":5,"33":4,"34":4,"35":4,"36":1,"37":3,"38":3,"39":3,"40":1,"41":2,"42":2,"43":1,"44":1,"45":5,"46":5,"47":5,"48":3,"49":3,"50":1,"51":2,"52":2,"53":1,"54":1,"55":1,"56":5,"57":5},"f":{"0":6,"1":3,"2":6,"3":4,"4":3},"b":{"0":[6,0],"1":[1],"2":[2,1],"3":[1],"4":[1],"5":[3,1],"6":[3,1],"7":[1],"8":[1],"9":[1],"10":[2,1],"11":[1],"12":[1]}}
,"/Users/mac/References/click-dealer/src/middlewares/error.middleware.ts": {"path":"/Users/mac/References/click-dealer/src/middlewares/error.middleware.ts","statementMap":{"0":{"start":{"line":2,"column":0},"end":{"line":2,"column":31}},"1":{"start":{"line":14,"column":4},"end":{"line":14,"column":19}},"2":{"start":{"line":15,"column":4},"end":{"line":15,"column":33}},"3":{"start":{"line":16,"column":4},"end":{"line":16,"column":27}},"4":{"start":{"line":58,"column":23},"end":{"line":58,"column":31}},"5":{"start":{"line":21,"column":2},"end":{"line":56,"column":3}},"6":{"start":{"line":22,"column":2},"end":{"line":56,"column":3}},"7":{"start":{"line":25,"column":2},"end":{"line":56,"column":3}},"8":{"start":{"line":26,"column":4},"end":{"line":55,"column":null}},"9":{"start":{"line":27,"column":6},"end":{"line":27,"column":34}},"10":{"start":{"line":29,"column":23},"end":{"line":29,"column":26}},"11":{"start":{"line":30,"column":25},"end":{"line":30,"column":48}},"12":{"start":{"line":31,"column":25},"end":{"line":31,"column":30}},"13":{"start":{"line":33,"column":6},"end":{"line":37,"column":null}},"14":{"start":{"line":34,"column":8},"end":{"line":34,"column":38}},"15":{"start":{"line":39,"column":6},"end":{"line":44,"column":null}},"16":{"start":{"line":40,"column":8},"end":{"line":43,"column":10}},"17":{"start":{"line":51,"column":6},"end":{"line":54,"column":8}},"18":{"start":{"line":58,"column":9},"end":{"line":58,"column":21}}},"fnMap":{"0":{"name":"(anonymous_0)","decl":{"start":{"line":13,"column":2},"end":{"line":13,"column":14}},"loc":{"start":{"line":13,"column":49},"end":{"line":17,"column":3}}},"1":{"name":"(anonymous_1)","decl":{"start":{"line":21,"column":2},"end":{"line":21,"column":5}},"loc":{"start":{"line":22,"column":2},"end":{"line":56,"column":3}}},"2":{"name":"(anonymous_2)","decl":{"start":{"line":22,"column":2},"end":{"line":22,"column":null}},"loc":{"start":{"line":25,"column":2},"end":{"line":56,"column":3}}},"3":{"name":"(anonymous_3)","decl":{"start":{"line":25,"column":2},"end":{"line":25,"column":7}},"loc":{"start":{"line":25,"column":72},"end":{"line":56,"column":3}}}},"branchMap":{"0":{"loc":{"start":{"line":33,"column":6},"end":{"line":37,"column":null}},"type":"if","locations":[{"start":{"line":33,"column":6},"end":{"line":37,"column":null}}]},"1":{"loc":{"start":{"line":39,"column":6},"end":{"line":44,"column":null}},"type":"if","locations":[{"start":{"line":39,"column":6},"end":{"line":44,"column":null}}]}},"s":{"0":5,"1":7,"2":7,"3":7,"4":5,"5":5,"6":25,"7":25,"8":22,"9":22,"10":8,"11":8,"12":8,"13":8,"14":7,"15":8,"16":1,"17":7,"18":5},"f":{"0":7,"1":25,"2":25,"3":22},"b":{"0":[7],"1":[1]}}
,"/Users/mac/References/click-dealer/src/repositories/cars.repo.ts": {"path":"/Users/mac/References/click-dealer/src/repositories/cars.repo.ts","statementMap":{"0":{"start":{"line":1,"column":0},"end":{"line":1,"column":31}},"1":{"start":{"line":2,"column":0},"end":{"line":2,"column":null}},"2":{"start":{"line":11,"column":10},"end":{"line":11,"column":94}},"3":{"start":{"line":14,"column":21},"end":{"line":14,"column":79}},"4":{"start":{"line":15,"column":4},"end":{"line":15,"column":35}},"5":{"start":{"line":19,"column":22},"end":{"line":32,"column":null}},"6":{"start":{"line":34,"column":4},"end":{"line":34,"column":34}},"7":{"start":{"line":38,"column":24},"end":{"line":38,"column":82}},"8":{"start":{"line":39,"column":4},"end":{"line":41,"column":null}},"9":{"start":{"line":40,"column":6},"end":{"line":40,"column":18}},"10":{"start":{"line":42,"column":4},"end":{"line":42,"column":54}},"11":{"start":{"line":46,"column":4},"end":{"line":46,"column":64}},"12":{"start":{"line":50,"column":4},"end":{"line":50,"column":49}},"13":{"start":{"line":51,"column":22},"end":{"line":51,"column":39}},"14":{"start":{"line":52,"column":4},"end":{"line":54,"column":null}},"15":{"start":{"line":53,"column":6},"end":{"line":53,"column":18}},"16":{"start":{"line":56,"column":24},"end":{"line":60,"column":null}},"17":{"start":{"line":63,"column":4},"end":{"line":63,"column":54}},"18":{"start":{"line":67,"column":26},"end":{"line":67,"column":59}},"19":{"start":{"line":68,"column":19},"end":{"line":68,"column":52}},"20":{"start":{"line":70,"column":39},"end":{"line":70,"column":41}},"21":{"start":{"line":71,"column":4},"end":{"line":79,"column":null}},"22":{"start":{"line":72,"column":6},"end":{"line":74,"column":9}},"23":{"start":{"line":73,"column":8},"end":{"line":73,"column":70}},"24":{"start":{"line":76,"column":6},"end":{"line":78,"column":null}},"25":{"start":{"line":77,"column":8},"end":{"line":77,"column":98}},"26":{"start":{"line":81,"column":4},"end":{"line":81,"column":24}},"27":{"start":{"line":85,"column":70},"end":{"line":87,"column":6}},"28":{"start":{"line":89,"column":45},"end":{"line":95,"column":6}},"29":{"start":{"line":97,"column":4},"end":{"line":101,"column":null}},"30":{"start":{"line":98,"column":6},"end":{"line":98,"column":95}},"31":{"start":{"line":99,"column":6},"end":{"line":99,"column":75}},"32":{"start":{"line":100,"column":6},"end":{"line":100,"column":42}},"33":{"start":{"line":103,"column":4},"end":{"line":111,"column":null}},"34":{"start":{"line":104,"column":6},"end":{"line":104,"column":98}},"35":{"start":{"line":105,"column":6},"end":{"line":105,"column":96}},"36":{"start":{"line":106,"column":6},"end":{"line":106,"column":42}},"37":{"start":{"line":107,"column":11},"end":{"line":111,"column":null}},"38":{"start":{"line":108,"column":6},"end":{"line":108,"column":93}},"39":{"start":{"line":109,"column":6},"end":{"line":109,"column":71}},"40":{"start":{"line":110,"column":6},"end":{"line":110,"column":42}},"41":{"start":{"line":113,"column":4},"end":{"line":127,"column":null}},"42":{"start":{"line":114,"column":6},"end":{"line":115,"column":78}},"43":{"start":{"line":116,"column":6},"end":{"line":116,"column":93}},"44":{"start":{"line":117,"column":6},"end":{"line":117,"column":95}},"45":{"start":{"line":118,"column":6},"end":{"line":118,"column":42}},"46":{"start":{"line":119,"column":11},"end":{"line":127,"column":null}},"47":{"start":{"line":120,"column":6},"end":{"line":120,"column":91}},"48":{"start":{"line":121,"column":6},"end":{"line":121,"column":93}},"49":{"start":{"line":122,"column":6},"end":{"line":122,"column":42}},"50":{"start":{"line":123,"column":11},"end":{"line":127,"column":null}},"51":{"start":{"line":124,"column":6},"end":{"line":124,"column":92}},"52":{"start":{"line":125,"column":6},"end":{"line":125,"column":95}},"53":{"start":{"line":126,"column":6},"end":{"line":126,"column":42}},"54":{"start":{"line":129,"column":4},"end":{"line":129,"column":25}},"55":{"start":{"line":133,"column":13},"end":{"line":133,"column":39}}},"fnMap":{"0":{"name":"(anonymous_1)","decl":{"start":{"line":10,"column":0},"end":{"line":10,"column":6}},"loc":{"start":{"line":10,"column":0},"end":{"line":131,"column":1}}},"1":{"name":"(anonymous_2)","decl":{"start":{"line":13,"column":2},"end":{"line":13,"column":7}},"loc":{"start":{"line":13,"column":41},"end":{"line":16,"column":3}}},"2":{"name":"(anonymous_3)","decl":{"start":{"line":18,"column":2},"end":{"line":18,"column":7}},"loc":{"start":{"line":18,"column":30},"end":{"line":35,"column":3}}},"3":{"name":"(anonymous_4)","decl":{"start":{"line":37,"column":2},"end":{"line":37,"column":7}},"loc":{"start":{"line":37,"column":61},"end":{"line":43,"column":3}}},"4":{"name":"(anonymous_5)","decl":{"start":{"line":45,"column":2},"end":{"line":45,"column":7}},"loc":{"start":{"line":45,"column":64},"end":{"line":47,"column":3}}},"5":{"name":"(anonymous_6)","decl":{"start":{"line":49,"column":2},"end":{"line":49,"column":7}},"loc":{"start":{"line":49,"column":65},"end":{"line":64,"column":3}}},"6":{"name":"(anonymous_7)","decl":{"start":{"line":66,"column":2},"end":{"line":66,"column":7}},"loc":{"start":{"line":66,"column":53},"end":{"line":82,"column":3}}},"7":{"name":"(anonymous_8)","decl":{"start":{"line":72,"column":46},"end":{"line":72,"column":47}},"loc":{"start":{"line":72,"column":60},"end":{"line":74,"column":7}}},"8":{"name":"(anonymous_9)","decl":{"start":{"line":84,"column":2},"end":{"line":84,"column":18}},"loc":{"start":{"line":84,"column":53},"end":{"line":130,"column":3}}}},"branchMap":{"0":{"loc":{"start":{"line":15,"column":11},"end":{"line":15,"column":34}},"type":"cond-expr","locations":[{"start":{"line":15,"column":22},"end":{"line":15,"column":26}},{"start":{"line":15,"column":29},"end":{"line":15,"column":34}}]},"1":{"loc":{"start":{"line":39,"column":4},"end":{"line":41,"column":null}},"type":"if","locations":[{"start":{"line":39,"column":4},"end":{"line":41,"column":null}}]},"2":{"loc":{"start":{"line":52,"column":4},"end":{"line":54,"column":null}},"type":"if","locations":[{"start":{"line":52,"column":4},"end":{"line":54,"column":null}}]},"3":{"loc":{"start":{"line":71,"column":4},"end":{"line":79,"column":null}},"type":"if","locations":[{"start":{"line":71,"column":4},"end":{"line":79,"column":null}}]},"4":{"loc":{"start":{"line":76,"column":6},"end":{"line":78,"column":null}},"type":"if","locations":[{"start":{"line":76,"column":6},"end":{"line":78,"column":null}}]},"5":{"loc":{"start":{"line":93,"column":24},"end":{"line":93,"column":67}},"type":"cond-expr","locations":[{"start":{"line":93,"column":55},"end":{"line":93,"column":59}},{"start":{"line":93,"column":62},"end":{"line":93,"column":67}}]},"6":{"loc":{"start":{"line":94,"column":13},"end":{"line":94,"column":62}},"type":"cond-expr","locations":[{"start":{"line":94,"column":33},"end":{"line":94,"column":57}},{"start":{"line":94,"column":60},"end":{"line":94,"column":62}}]},"7":{"loc":{"start":{"line":97,"column":4},"end":{"line":101,"column":null}},"type":"if","locations":[{"start":{"line":97,"column":4},"end":{"line":101,"column":null}}]},"8":{"loc":{"start":{"line":103,"column":4},"end":{"line":111,"column":null}},"type":"if","locations":[{"start":{"line":103,"column":4},"end":{"line":111,"column":null}},{"start":{"line":107,"column":11},"end":{"line":111,"column":null}}]},"9":{"loc":{"start":{"line":103,"column":8},"end":{"line":103,"column":45}},"type":"binary-expr","locations":[{"start":{"line":103,"column":8},"end":{"line":103,"column":24}},{"start":{"line":103,"column":28},"end":{"line":103,"column":45}}]},"10":{"loc":{"start":{"line":107,"column":11},"end":{"line":111,"column":null}},"type":"if","locations":[{"start":{"line":107,"column":11},"end":{"line":111,"column":null}}]},"11":{"loc":{"start":{"line":113,"column":4},"end":{"line":127,"column":null}},"type":"if","locations":[{"start":{"line":113,"column":4},"end":{"line":127,"column":null}},{"start":{"line":119,"column":11},"end":{"line":127,"column":null}}]},"12":{"loc":{"start":{"line":113,"column":8},"end":{"line":113,"column":67}},"type":"binary-expr","locations":[{"start":{"line":113,"column":8},"end":{"line":113,"column":35}},{"start":{"line":113,"column":39},"end":{"line":113,"column":67}}]},"13":{"loc":{"start":{"line":119,"column":11},"end":{"line":127,"column":null}},"type":"if","locations":[{"start":{"line":119,"column":11},"end":{"line":127,"column":null}},{"start":{"line":123,"column":11},"end":{"line":127,"column":null}}]},"14":{"loc":{"start":{"line":123,"column":11},"end":{"line":127,"column":null}},"type":"if","locations":[{"start":{"line":123,"column":11},"end":{"line":127,"column":null}}]}},"s":{"0":5,"1":5,"2":5,"3":8,"4":8,"5":4,"6":4,"7":4,"8":4,"9":2,"10":2,"11":1,"12":2,"13":2,"14":2,"15":1,"16":1,"17":1,"18":6,"19":6,"20":6,"21":6,"22":6,"23":97,"24":6,"25":3,"26":6,"27":6,"28":6,"29":6,"30":1,"31":1,"32":1,"33":6,"34":1,"35":1,"36":1,"37":5,"38":1,"39":1,"40":1,"41":6,"42":1,"43":1,"44":1,"45":1,"46":5,"47":1,"48":1,"49":1,"50":4,"51":1,"52":1,"53":1,"54":6,"55":5},"f":{"0":5,"1":8,"2":4,"3":4,"4":1,"5":2,"6":6,"7":97,"8":6},"b":{"0":[3,5],"1":[2],"2":[1],"3":[6],"4":[3],"5":[1,5],"6":[6,0],"7":[1],"8":[1,5],"9":[6,2],"10":[1],"11":[1,5],"12":[6,2],"13":[1,4],"14":[1]}}
,"/Users/mac/References/click-dealer/src/repositories/base/dynamodb.base.repo.ts": {"path":"/Users/mac/References/click-dealer/src/repositories/base/dynamodb.base.repo.ts","statementMap":{"0":{"start":{"line":1,"column":0},"end":{"line":1,"column":9}},"1":{"start":{"line":115,"column":9},"end":{"line":1,"column":19}},"2":{"start":{"line":115,"column":19},"end":{"line":1,"column":62}},"3":{"start":{"line":2,"column":0},"end":{"line":2,"column":null}},"4":{"start":{"line":115,"column":50},"end":{"line":13,"column":null}},"5":{"start":{"line":20,"column":39},"end":{"line":22,"column":6}},"6":{"start":{"line":24,"column":4},"end":{"line":31,"column":null}},"7":{"start":{"line":25,"column":6},"end":{"line":30,"column":9}},"8":{"start":{"line":32,"column":4},"end":{"line":32,"column":48}},"9":{"start":{"line":36,"column":19},"end":{"line":39,"column":6}},"10":{"start":{"line":40,"column":4},"end":{"line":40,"column":58}},"11":{"start":{"line":44,"column":19},"end":{"line":44,"column":77}},"12":{"start":{"line":45,"column":4},"end":{"line":45,"column":18}},"13":{"start":{"line":49,"column":19},"end":{"line":55,"column":6}},"14":{"start":{"line":56,"column":21},"end":{"line":56,"column":74}},"15":{"start":{"line":57,"column":4},"end":{"line":57,"column":79}},"16":{"start":{"line":61,"column":19},"end":{"line":67,"column":6}},"17":{"start":{"line":69,"column":4},"end":{"line":69,"column":61}},"18":{"start":{"line":70,"column":4},"end":{"line":70,"column":16}},"19":{"start":{"line":74,"column":19},"end":{"line":100,"column":6}},"20":{"start":{"line":77,"column":27},"end":{"line":77,"column":60}},"21":{"start":{"line":80,"column":36},"end":{"line":83,"column":10}},"22":{"start":{"line":88,"column":38},"end":{"line":91,"column":12}},"23":{"start":{"line":102,"column":53},"end":{"line":103,"column":null}},"24":{"start":{"line":105,"column":4},"end":{"line":105,"column":86}},"25":{"start":{"line":109,"column":4},"end":{"line":109,"column":28}},"26":{"start":{"line":113,"column":13},"end":{"line":113,"column":48}}},"fnMap":{"0":{"name":"(anonymous_0)","decl":{"start":{"line":115,"column":9},"end":{"line":115,"column":17}},"loc":{"start":{"line":115,"column":9},"end":{"line":1,"column":19}}},"1":{"name":"(anonymous_1)","decl":{"start":{"line":115,"column":19},"end":{"line":115,"column":29}},"loc":{"start":{"line":115,"column":19},"end":{"line":1,"column":62}}},"2":{"name":"(anonymous_2)","decl":{"start":{"line":115,"column":50},"end":{"line":115,"column":64}},"loc":{"start":{"line":115,"column":50},"end":{"line":13,"column":null}}},"3":{"name":"(anonymous_3)","decl":{"start":{"line":19,"column":2},"end":{"line":19,"column":null}},"loc":{"start":{"line":19,"column":2},"end":{"line":33,"column":3}}},"4":{"name":"(anonymous_4)","decl":{"start":{"line":35,"column":2},"end":{"line":35,"column":7}},"loc":{"start":{"line":35,"column":26},"end":{"line":41,"column":3}}},"5":{"name":"(anonymous_5)","decl":{"start":{"line":43,"column":2},"end":{"line":43,"column":7}},"loc":{"start":{"line":43,"column":45},"end":{"line":46,"column":3}}},"6":{"name":"(anonymous_6)","decl":{"start":{"line":48,"column":2},"end":{"line":48,"column":7}},"loc":{"start":{"line":48,"column":61},"end":{"line":58,"column":3}}},"7":{"name":"(anonymous_7)","decl":{"start":{"line":60,"column":2},"end":{"line":60,"column":7}},"loc":{"start":{"line":60,"column":57},"end":{"line":71,"column":3}}},"8":{"name":"(anonymous_8)","decl":{"start":{"line":73,"column":2},"end":{"line":73,"column":7}},"loc":{"start":{"line":73,"column":92},"end":{"line":106,"column":3}}},"9":{"name":"(anonymous_9)","decl":{"start":{"line":77,"column":13},"end":{"line":77,"column":14}},"loc":{"start":{"line":77,"column":27},"end":{"line":77,"column":60}}},"10":{"name":"(anonymous_10)","decl":{"start":{"line":80,"column":8},"end":{"line":80,"column":9}},"loc":{"start":{"line":80,"column":36},"end":{"line":83,"column":10}}},"11":{"name":"(anonymous_11)","decl":{"start":{"line":88,"column":10},"end":{"line":88,"column":11}},"loc":{"start":{"line":88,"column":38},"end":{"line":91,"column":12}}},"12":{"name":"(anonymous_12)","decl":{"start":{"line":108,"column":2},"end":{"line":108,"column":19}},"loc":{"start":{"line":108,"column":47},"end":{"line":110,"column":3}}}},"branchMap":{"0":{"loc":{"start":{"line":24,"column":4},"end":{"line":31,"column":null}},"type":"if","locations":[{"start":{"line":24,"column":4},"end":{"line":31,"column":null}}]},"1":{"loc":{"start":{"line":57,"column":11},"end":{"line":57,"column":78}},"type":"cond-expr","locations":[{"start":{"line":57,"column":29},"end":{"line":57,"column":71}},{"start":{"line":57,"column":74},"end":{"line":57,"column":78}}]},"2":{"loc":{"start":{"line":105,"column":11},"end":{"line":105,"column":85}},"type":"cond-expr","locations":[{"start":{"line":105,"column":40},"end":{"line":105,"column":78}},{"start":{"line":105,"column":81},"end":{"line":105,"column":85}}]}},"s":{"0":5,"1":5,"2":102,"3":5,"4":5,"5":5,"6":5,"7":5,"8":5,"9":4,"10":4,"11":6,"12":6,"13":12,"14":12,"15":12,"16":1,"17":1,"18":1,"19":1,"20":2,"21":2,"22":2,"23":1,"24":1,"25":4,"26":5},"f":{"0":0,"1":97,"2":0,"3":5,"4":4,"5":6,"6":12,"7":1,"8":1,"9":2,"10":2,"11":2,"12":4},"b":{"0":[5],"1":[5,7],"2":[1,0]}}
,"/Users/mac/References/click-dealer/src/tests/data/create-car.data.ts": {"path":"/Users/mac/References/click-dealer/src/tests/data/create-car.data.ts","statementMap":{"0":{"start":{"line":2,"column":0},"end":{"line":2,"column":40}},"1":{"start":{"line":4,"column":13},"end":{"line":84,"column":32}},"2":{"start":{"line":86,"column":13},"end":{"line":195,"column":2}},"3":{"start":{"line":197,"column":13},"end":{"line":279,"column":32}},"4":{"start":{"line":281,"column":13},"end":{"line":363,"column":32}},"5":{"start":{"line":365,"column":13},"end":{"line":452,"column":32}},"6":{"start":{"line":454,"column":25},"end":{"line":467,"column":1}},"7":{"start":{"line":455,"column":2},"end":{"line":466,"column":4}},"8":{"start":{"line":454,"column":13},"end":{"line":454,"column":25}}},"fnMap":{"0":{"name":"(anonymous_0)","decl":{"start":{"line":454,"column":25},"end":{"line":454,"column":28}},"loc":{"start":{"line":454,"column":30},"end":{"line":467,"column":1}}}},"branchMap":{},"s":{"0":5,"1":5,"2":5,"3":5,"4":5,"5":5,"6":5,"7":4,"8":5},"f":{"0":4},"b":{}}
,"/Users/mac/References/click-dealer/src/tests/utils/setup.ts": {"path":"/Users/mac/References/click-dealer/src/tests/utils/setup.ts","statementMap":{"0":{"start":{"line":1,"column":0},"end":{"line":1,"column":33}},"1":{"start":{"line":2,"column":0},"end":{"line":2,"column":24}},"2":{"start":{"line":4,"column":0},"end":{"line":4,"column":68}}},"fnMap":{},"branchMap":{},"s":{"0":5,"1":5,"2":5},"f":{},"b":{}}
,"/Users/mac/References/click-dealer/src/types/schema.types.ts": {"path":"/Users/mac/References/click-dealer/src/types/schema.types.ts","statementMap":{"0":{"start":{"line":1,"column":0},"end":{"line":1,"column":24}},"1":{"start":{"line":3,"column":25},"end":{"line":18,"column":2}},"2":{"start":{"line":68,"column":9},"end":{"line":68,"column":25}},"3":{"start":{"line":20,"column":28},"end":{"line":33,"column":2}},"4":{"start":{"line":68,"column":27},"end":{"line":68,"column":46}},"5":{"start":{"line":35,"column":24},"end":{"line":47,"column":2}},"6":{"start":{"line":68,"column":48},"end":{"line":68,"column":63}}},"fnMap":{},"branchMap":{},"s":{"0":5,"1":5,"2":5,"3":5,"4":5,"5":5,"6":5},"f":{},"b":{}}
,"/Users/mac/References/click-dealer/src/utils/generic.utils.ts": {"path":"/Users/mac/References/click-dealer/src/utils/generic.utils.ts","statementMap":{"0":{"start":{"line":3,"column":25},"end":{"line":9,"column":1}},"1":{"start":{"line":4,"column":2},"end":{"line":8,"column":null}},"2":{"start":{"line":5,"column":4},"end":{"line":5,"column":28}},"3":{"start":{"line":7,"column":4},"end":{"line":7,"column":14}},"4":{"start":{"line":3,"column":13},"end":{"line":3,"column":25}},"5":{"start":{"line":11,"column":29},"end":{"line":19,"column":1}},"6":{"start":{"line":15,"column":2},"end":{"line":18,"column":4}},"7":{"start":{"line":11,"column":13},"end":{"line":11,"column":29}}},"fnMap":{"0":{"name":"(anonymous_0)","decl":{"start":{"line":3,"column":25},"end":{"line":3,"column":26}},"loc":{"start":{"line":3,"column":47},"end":{"line":9,"column":1}}},"1":{"name":"(anonymous_1)","decl":{"start":{"line":11,"column":29},"end":{"line":11,"column":null}},"loc":{"start":{"line":14,"column":27},"end":{"line":19,"column":1}}}},"branchMap":{},"s":{"0":6,"1":15,"2":15,"3":1,"4":6,"5":6,"6":14,"7":6},"f":{"0":15,"1":14},"b":{}}
}
