TN:
SF:src/entities/car.entity.ts
FN:18,(anonymous_0)
FNF:1
FNH:1
FNDA:5,(anonymous_0)
DA:19,5
DA:23,5
LF:2
LH:2
BRF:0
BRH:0
end_of_record
TN:
SF:src/factories/cars.factory.ts
FN:5,(anonymous_0)
FNF:1
FNH:1
FNDA:5,(anonymous_0)
DA:1,5
DA:6,5
DA:7,5
DA:14,5
DA:18,5
LF:5
LH:5
BRF:0
BRH:0
end_of_record
TN:
SF:src/handlers/cars.handler.ts
FN:14,(anonymous_0)
FN:31,(anonymous_1)
FN:49,(anonymous_2)
FN:59,(anonymous_3)
FN:85,(anonymous_4)
FNF:5
FNH:5
FNDA:6,(anonymous_0)
FNDA:3,(anonymous_1)
FNDA:6,(anonymous_2)
FNDA:4,(anonymous_3)
FNDA:3,(anonymous_4)
DA:2,5
DA:3,5
DA:9,5
DA:10,5
DA:11,5
DA:14,5
DA:15,6
DA:16,6
DA:17,5
DA:18,5
DA:19,5
DA:20,1
DA:23,4
DA:24,4
DA:28,5
DA:31,5
DA:32,3
DA:35,3
DA:36,1
DA:39,2
DA:40,2
DA:41,1
DA:44,1
DA:46,5
DA:49,5
DA:50,6
DA:51,6
DA:53,6
DA:54,6
DA:56,5
DA:59,5
DA:60,4
DA:61,4
DA:65,4
DA:66,1
DA:68,3
DA:70,3
DA:71,3
DA:72,1
DA:75,2
DA:76,2
DA:77,1
DA:80,1
DA:82,5
DA:85,5
DA:86,3
DA:89,3
DA:90,1
DA:93,2
DA:94,2
DA:95,1
DA:97,1
DA:98,1
DA:100,5
LF:54
LH:54
BRDA:15,0,0,6
BRDA:15,0,1,0
BRDA:19,1,0,1
BRDA:32,2,0,2
BRDA:32,2,1,1
BRDA:35,3,0,1
BRDA:40,4,0,1
BRDA:60,5,0,3
BRDA:60,5,1,1
BRDA:61,6,0,3
BRDA:61,6,1,1
BRDA:65,7,0,1
BRDA:71,8,0,1
BRDA:76,9,0,1
BRDA:86,10,0,2
BRDA:86,10,1,1
BRDA:89,11,0,1
BRDA:94,12,0,1
BRF:18
BRH:17
end_of_record
TN:
SF:src/middlewares/error.middleware.ts
FN:13,(anonymous_0)
FN:21,(anonymous_1)
FN:22,(anonymous_2)
FN:25,(anonymous_3)
FNF:4
FNH:4
FNDA:7,(anonymous_0)
FNDA:25,(anonymous_1)
FNDA:25,(anonymous_2)
FNDA:22,(anonymous_3)
DA:2,5
DA:14,7
DA:15,7
DA:16,7
DA:21,5
DA:22,25
DA:25,25
DA:26,22
DA:27,22
DA:29,8
DA:30,8
DA:31,8
DA:33,8
DA:34,7
DA:39,8
DA:40,1
DA:51,7
DA:58,5
LF:18
LH:18
BRDA:33,0,0,7
BRDA:39,1,0,1
BRF:2
BRH:2
end_of_record
TN:
SF:src/repositories/cars.repo.ts
FN:10,(anonymous_1)
FN:13,(anonymous_2)
FN:18,(anonymous_3)
FN:37,(anonymous_4)
FN:45,(anonymous_5)
FN:49,(anonymous_6)
FN:66,(anonymous_7)
FN:72,(anonymous_8)
FN:84,(anonymous_9)
FNF:9
FNH:9
FNDA:5,(anonymous_1)
FNDA:8,(anonymous_2)
FNDA:4,(anonymous_3)
FNDA:4,(anonymous_4)
FNDA:1,(anonymous_5)
FNDA:2,(anonymous_6)
FNDA:6,(anonymous_7)
FNDA:92,(anonymous_8)
FNDA:6,(anonymous_9)
DA:1,5
DA:2,5
DA:11,5
DA:14,8
DA:15,8
DA:19,4
DA:34,4
DA:38,4
DA:39,4
DA:40,2
DA:42,2
DA:46,1
DA:50,2
DA:51,2
DA:52,2
DA:53,1
DA:56,1
DA:63,1
DA:67,6
DA:68,6
DA:70,6
DA:71,6
DA:72,6
DA:73,92
DA:76,6
DA:77,2
DA:81,6
DA:85,6
DA:89,6
DA:97,6
DA:98,1
DA:99,1
DA:100,1
DA:103,6
DA:104,1
DA:105,1
DA:106,1
DA:107,5
DA:108,1
DA:109,1
DA:110,1
DA:113,6
DA:114,1
DA:116,1
DA:117,1
DA:118,1
DA:119,5
DA:120,1
DA:121,1
DA:122,1
DA:123,4
DA:124,1
DA:125,1
DA:126,1
DA:129,6
DA:133,5
LF:56
LH:56
BRDA:15,0,0,3
BRDA:15,0,1,5
BRDA:39,1,0,2
BRDA:52,2,0,1
BRDA:71,3,0,6
BRDA:76,4,0,2
BRDA:93,5,0,0
BRDA:93,5,1,6
BRDA:94,6,0,6
BRDA:94,6,1,0
BRDA:97,7,0,1
BRDA:103,8,0,1
BRDA:103,8,1,5
BRDA:103,9,0,6
BRDA:103,9,1,2
BRDA:107,10,0,1
BRDA:113,11,0,1
BRDA:113,11,1,5
BRDA:113,12,0,6
BRDA:113,12,1,2
BRDA:119,13,0,1
BRDA:119,13,1,4
BRDA:123,14,0,1
BRF:23
BRH:21
end_of_record
TN:
SF:src/repositories/base/dynamodb.base.repo.ts
FN:144,(anonymous_0)
FN:144,(anonymous_1)
FN:144,(anonymous_2)
FN:20,(anonymous_3)
FN:36,(anonymous_4)
FN:44,(anonymous_5)
FN:53,(anonymous_6)
FN:58,(anonymous_7)
FN:70,(anonymous_8)
FN:89,(anonymous_9)
FN:102,(anonymous_10)
FN:106,(anonymous_11)
FN:109,(anonymous_12)
FN:117,(anonymous_13)
FN:137,(anonymous_14)
FNF:15
FNH:11
FNDA:0,(anonymous_0)
FNDA:92,(anonymous_1)
FNDA:0,(anonymous_2)
FNDA:5,(anonymous_3)
FNDA:4,(anonymous_4)
FNDA:0,(anonymous_5)
FNDA:6,(anonymous_6)
FNDA:12,(anonymous_7)
FNDA:0,(anonymous_8)
FNDA:1,(anonymous_9)
FNDA:1,(anonymous_10)
FNDA:2,(anonymous_11)
FNDA:2,(anonymous_12)
FNDA:2,(anonymous_13)
FNDA:4,(anonymous_14)
DA:1,5
DA:2,5
DA:21,5
DA:24,5
DA:33,5
DA:37,4
DA:41,4
DA:45,0
DA:50,0
DA:54,6
DA:55,6
DA:59,12
DA:66,12
DA:67,12
DA:71,0
DA:85,0
DA:86,0
DA:90,1
DA:98,1
DA:99,1
DA:103,1
DA:106,2
DA:109,2
DA:117,2
DA:131,1
DA:134,1
DA:138,4
DA:142,5
DA:144,97
LF:29
LH:24
BRDA:25,0,0,5
BRDA:25,0,1,0
BRDA:67,1,0,5
BRDA:67,1,1,7
BRDA:86,2,0,0
BRDA:86,2,1,0
BRDA:134,3,0,1
BRDA:134,3,1,0
BRF:8
BRH:4
end_of_record
TN:
SF:src/tests/data/create-car.data.ts
FN:454,(anonymous_0)
FNF:1
FNH:1
FNDA:4,(anonymous_0)
DA:2,5
DA:4,5
DA:86,5
DA:197,5
DA:281,5
DA:365,5
DA:454,5
DA:455,4
LF:8
LH:8
BRF:0
BRH:0
end_of_record
TN:
SF:src/tests/utils/setup.ts
FNF:0
FNH:0
DA:1,5
DA:2,5
DA:4,5
LF:3
LH:3
BRF:0
BRH:0
end_of_record
TN:
SF:src/types/schema.types.ts
FNF:0
FNH:0
DA:1,5
DA:3,5
DA:20,5
DA:35,5
DA:68,5
LF:5
LH:5
BRF:0
BRH:0
end_of_record
TN:
SF:src/utils/generic.utils.ts
FN:3,(anonymous_0)
FN:11,(anonymous_1)
FNF:2
FNH:2
FNDA:13,(anonymous_0)
FNDA:14,(anonymous_1)
DA:3,5
DA:4,13
DA:5,13
DA:7,0
DA:11,5
DA:15,14
LF:6
LH:5
BRF:0
BRH:0
end_of_record
